<?xml version="1.0" encoding="UTF-8"?>
<!-- Generated by org.testng.reporters.JUnitXMLReporter -->
<testsuite ignored="0" hostname="DESKTOP-O8N0SE5" failures="0" tests="4" name="Surefire test" time="79.541" errors="0" timestamp="2026-08-01T20:44:04 IST">
  <testcase classname="com.enterprise.tests.LoginTest" name="loginTest" time="4.537"/>
  <testcase classname="com.enterprise.tests.LoginTest" name="loginTest" time="12.547"/>
  <testcase classname="com.enterprise.tests.LoginTest" name="loginTest" time="14.112"/>
  <testcase classname="com.enterprise.tests.LogoutTest" name="logoutTest" time="8.898"/>
</testsuite> <!-- Surefire test -->
