<?xml version="1.0" encoding="UTF-8"?>
<testng-results ignored="0" total="4" passed="4" failed="0" skipped="0">
  <reporter-output>
  </reporter-output>
  <suite started-at="2026-08-01T20:42:44 IST" name="Surefire suite" finished-at="2026-08-01T20:44:04 IST" duration-ms="79541">
    <groups>
    </groups>
    <test started-at="2026-08-01T20:42:44 IST" name="Surefire test" finished-at="2026-08-01T20:44:04 IST" duration-ms="79541">
      <class name="com.enterprise.tests.LoginTest">
        <test-method is-config="true" signature="setup()[pri:0, instance:com.enterprise.tests.LoginTest@3d9c13b5]" started-at="2026-08-01T20:42:46 IST" name="setup" finished-at="2026-08-01T20:42:59 IST" duration-ms="12194" status="PASS">
          <reporter-output>
          </reporter-output>
        </test-method> <!-- setup -->
        <test-method signature="loginTest(java.lang.String,java.lang.String,java.lang.String)[pri:0, instance:com.enterprise.tests.LoginTest@3d9c13b5]" started-at="2026-08-01T20:42:59 IST" name="loginTest" data-provider="loginData" finished-at="2026-08-01T20:43:03 IST" duration-ms="4537" status="PASS">
          <params>
            <param index="0">
              <value>
                <![CDATA[Admin]]>
              </value>
            </param>
            <param index="1">
              <value>
                <![CDATA[admin123]]>
              </value>
            </param>
            <param index="2">
              <value>
                <![CDATA[PASS]]>
              </value>
            </param>
          </params>
          <reporter-output>
          </reporter-output>
        </test-method> <!-- loginTest -->
        <test-method is-config="true" signature="tearDown()[pri:0, instance:com.enterprise.tests.LoginTest@3d9c13b5]" started-at="2026-08-01T20:43:03 IST" name="tearDown" finished-at="2026-08-01T20:43:03 IST" duration-ms="373" status="PASS">
          <reporter-output>
          </reporter-output>
        </test-method> <!-- tearDown -->
        <test-method is-config="true" signature="setup()[pri:0, instance:com.enterprise.tests.LoginTest@3d9c13b5]" started-at="2026-08-01T20:43:03 IST" name="setup" finished-at="2026-08-01T20:43:10 IST" duration-ms="6958" status="PASS">
          <reporter-output>
          </reporter-output>
        </test-method> <!-- setup -->
        <test-method signature="loginTest(java.lang.String,java.lang.String,java.lang.String)[pri:0, instance:com.enterprise.tests.LoginTest@3d9c13b5]" started-at="2026-08-01T20:43:10 IST" name="loginTest" data-provider="loginData" finished-at="2026-08-01T20:43:23 IST" duration-ms="12547" status="PASS">
          <params>
            <param index="0">
              <value>
                <![CDATA[Admin]]>
              </value>
            </param>
            <param index="1">
              <value>
                <![CDATA[wrongpassword]]>
              </value>
            </param>
            <param index="2">
              <value>
                <![CDATA[FAIL]]>
              </value>
            </param>
          </params>
          <reporter-output>
          </reporter-output>
        </test-method> <!-- loginTest -->
        <test-method is-config="true" signature="tearDown()[pri:0, instance:com.enterprise.tests.LoginTest@3d9c13b5]" started-at="2026-08-01T20:43:23 IST" name="tearDown" finished-at="2026-08-01T20:43:23 IST" duration-ms="400" status="PASS">
          <reporter-output>
          </reporter-output>
        </test-method> <!-- tearDown -->
        <test-method is-config="true" signature="setup()[pri:0, instance:com.enterprise.tests.LoginTest@3d9c13b5]" started-at="2026-08-01T20:43:23 IST" name="setup" finished-at="2026-08-01T20:43:32 IST" duration-ms="8779" status="PASS">
          <reporter-output>
          </reporter-output>
        </test-method> <!-- setup -->
        <test-method signature="loginTest(java.lang.String,java.lang.String,java.lang.String)[pri:0, instance:com.enterprise.tests.LoginTest@3d9c13b5]" started-at="2026-08-01T20:43:32 IST" name="loginTest" data-provider="loginData" finished-at="2026-08-01T20:43:46 IST" duration-ms="14112" status="PASS">
          <params>
            <param index="0">
              <value>
                <![CDATA[Test]]>
              </value>
            </param>
            <param index="1">
              <value>
                <![CDATA[test123]]>
              </value>
            </param>
            <param index="2">
              <value>
                <![CDATA[FAIL]]>
              </value>
            </param>
          </params>
          <reporter-output>
          </reporter-output>
        </test-method> <!-- loginTest -->
        <test-method is-config="true" signature="tearDown()[pri:0, instance:com.enterprise.tests.LoginTest@3d9c13b5]" started-at="2026-08-01T20:43:46 IST" name="tearDown" finished-at="2026-08-01T20:43:47 IST" duration-ms="423" status="PASS">
          <reporter-output>
          </reporter-output>
        </test-method> <!-- tearDown -->
      </class> <!-- com.enterprise.tests.LoginTest -->
      <class name="com.enterprise.tests.LogoutTest">
        <test-method is-config="true" signature="setup()[pri:0, instance:com.enterprise.tests.LogoutTest@492691d7]" started-at="2026-08-01T20:43:47 IST" name="setup" finished-at="2026-08-01T20:43:54 IST" duration-ms="7771" status="PASS">
          <reporter-output>
          </reporter-output>
        </test-method> <!-- setup -->
        <test-method signature="logoutTest()[pri:0, instance:com.enterprise.tests.LogoutTest@492691d7]" started-at="2026-08-01T20:43:54 IST" name="logoutTest" finished-at="2026-08-01T20:44:03 IST" duration-ms="8898" status="PASS">
          <reporter-output>
          </reporter-output>
        </test-method> <!-- logoutTest -->
        <test-method is-config="true" signature="tearDown()[pri:0, instance:com.enterprise.tests.LogoutTest@492691d7]" started-at="2026-08-01T20:44:03 IST" name="tearDown" finished-at="2026-08-01T20:44:04 IST" duration-ms="350" status="PASS">
          <reporter-output>
          </reporter-output>
        </test-method> <!-- tearDown -->
      </class> <!-- com.enterprise.tests.LogoutTest -->
    </test> <!-- Surefire test -->
  </suite> <!-- Surefire suite -->
</testng-results>
