<?xml version="1.0" encoding="UTF-8"?>
<testng-results ignored="0" total="1" passed="1" failed="0" skipped="0">
  <reporter-output>
  </reporter-output>
  <suite started-at="2026-07-30T16:08:32 IST" name="Default suite" finished-at="2026-07-30T16:10:36 IST" duration-ms="123293">
    <groups>
    </groups>
    <test started-at="2026-07-30T16:08:32 IST" name="Default test" finished-at="2026-07-30T16:10:36 IST" duration-ms="123293">
      <class name="com.enterprise.tests.LogoutTest">
        <test-method is-config="true" signature="setup()[pri:0, instance:com.enterprise.tests.LogoutTest@5443d039]" started-at="2026-07-30T16:08:32 IST" name="setup" finished-at="2026-07-30T16:08:45 IST" duration-ms="12859" status="PASS">
          <reporter-output>
          </reporter-output>
        </test-method> <!-- setup -->
        <test-method signature="logoutTest()[pri:0, instance:com.enterprise.tests.LogoutTest@5443d039]" started-at="2026-07-30T16:08:45 IST" name="logoutTest" finished-at="2026-07-30T16:10:35 IST" duration-ms="109602" status="PASS">
          <reporter-output>
          </reporter-output>
        </test-method> <!-- logoutTest -->
        <test-method is-config="true" signature="tearDown()[pri:0, instance:com.enterprise.tests.LogoutTest@5443d039]" started-at="2026-07-30T16:10:35 IST" name="tearDown" finished-at="2026-07-30T16:10:36 IST" duration-ms="668" status="PASS">
          <reporter-output>
          </reporter-output>
        </test-method> <!-- tearDown -->
      </class> <!-- com.enterprise.tests.LogoutTest -->
    </test> <!-- Default test -->
  </suite> <!-- Default suite -->
</testng-results>
