<?xml version="1.0" encoding="UTF-8"?>
<!-- Generated by org.testng.reporters.JUnitReportReporter -->
<testsuite hostname="DESKTOP-O8N0SE5" failures="0" tests="3" name="com.enterprise.tests.LoginTest" time="60.323" errors="0" timestamp="2026-08-01T20:44:04 IST" skipped="0">
  <testcase classname="com.enterprise.tests.LoginTest" name="loginTest" time="11.868"/>
  <testcase classname="com.enterprise.tests.LoginTest" name="loginTest" time="25.141"/>
  <testcase classname="com.enterprise.tests.LoginTest" name="loginTest" time="23.314"/>
</testsuite> <!-- com.enterprise.tests.LoginTest -->
